Started GET "/" for ::1 at 2020-01-22 19:10:03 +0900
  [1m[35m (3.9ms)[0m  [1m[34mSELECT sqlite_version(*)[0m
Processing by Rails::WelcomeController#index as HTML
  Rendering /Users/nakayama_kazuhito/.rbenv/versions/2.6.2/lib/ruby/gems/2.6.0/gems/railties-6.0.2.1/lib/rails/templates/rails/welcome/index.html.erb
  Rendered /Users/nakayama_kazuhito/.rbenv/versions/2.6.2/lib/ruby/gems/2.6.0/gems/railties-6.0.2.1/lib/rails/templates/rails/welcome/index.html.erb (Duration: 21.3ms | Allocations: 489)
Completed 200 OK in 46ms (Views: 30.4ms | ActiveRecord: 0.0ms | Allocations: 3811)


Started GET "/" for ::1 at 2020-01-23 23:07:25 +0900
  [1m[35m (1.1ms)[0m  [1m[34mSELECT sqlite_version(*)[0m
Processing by Rails::WelcomeController#index as HTML
  Rendering /Users/nakayama_kazuhito/.rbenv/versions/2.6.2/lib/ruby/gems/2.6.0/gems/railties-6.0.2.1/lib/rails/templates/rails/welcome/index.html.erb
  Rendered /Users/nakayama_kazuhito/.rbenv/versions/2.6.2/lib/ruby/gems/2.6.0/gems/railties-6.0.2.1/lib/rails/templates/rails/welcome/index.html.erb (Duration: 9.3ms | Allocations: 316)
Completed 200 OK in 24ms (Views: 13.9ms | ActiveRecord: 0.0ms | Allocations: 1782)


Started GET "/top/index" for ::1 at 2020-01-23 23:09:33 +0900
  [1m[35m (0.1ms)[0m  [1m[34mSELECT sqlite_version(*)[0m
Processing by TopController#index as HTML
  Rendering top/index.html.erb within layouts/application
  Rendered top/index.html.erb within layouts/application (Duration: 0.5ms | Allocations: 90)
[Webpacker] Compiling...
[Webpacker] Compiled all packs in /Users/nakayama_kazuhito/Desktop/todoapp_with_rails/public/packs
[Webpacker] Hash: 53154d7baad00c6a1252
Version: webpack 4.41.5
Time: 2105ms
Built at: 2020/01/23 23:09:37
                                     Asset       Size       Chunks                         Chunk Names
    js/application-0b67a3cc2fcde6055024.js    124 KiB  application  [emitted] [immutable]  application
js/application-0b67a3cc2fcde6055024.js.map    139 KiB  application  [emitted] [dev]        application
                             manifest.json  364 bytes               [emitted]              
Entrypoint application = js/application-0b67a3cc2fcde6055024.js js/application-0b67a3cc2fcde6055024.js.map
[./app/javascript/channels sync recursive _channel\.js$] ./app/javascript/channels sync _channel\.js$ 160 bytes {application} [built]
[./app/javascript/channels/index.js] 211 bytes {application} [built]
[./app/javascript/packs/application.js] 749 bytes {application} [built]
[./node_modules/webpack/buildin/module.js] (webpack)/buildin/module.js 552 bytes {application} [built]
    + 3 hidden modules

Completed 200 OK in 4552ms (Views: 4550.0ms | ActiveRecord: 0.0ms | Allocations: 18460)


Started GET "/top/index" for ::1 at 2020-01-23 23:10:01 +0900
  [1m[35m (0.1ms)[0m  [1m[34mSELECT sqlite_version(*)[0m
Processing by TopController#index as HTML
  Rendering top/index.html.erb within layouts/application
  Rendered top/index.html.erb within layouts/application (Duration: 0.1ms | Allocations: 5)
[Webpacker] Everything's up-to-date. Nothing to do
Completed 200 OK in 41ms (Views: 40.1ms | ActiveRecord: 0.0ms | Allocations: 4024)


Started GET "/" for ::1 at 2020-01-23 23:10:05 +0900
Processing by TopController#index as HTML
  Rendering top/index.html.erb within layouts/application
  Rendered top/index.html.erb within layouts/application (Duration: 0.1ms | Allocations: 5)
[Webpacker] Everything's up-to-date. Nothing to do
Completed 200 OK in 11ms (Views: 10.3ms | ActiveRecord: 0.0ms | Allocations: 3864)


